<?xml version="1.0" encoding="UTF-8"?>
<testng-results ignored="8" total="11" passed="3" failed="0" skipped="0">
  <reporter-output>
    <line>
      <![CDATA[Connect to the server]]>
    </line>
    <line>
      <![CDATA[Connect to the database]]>
    </line>
    <line>
      <![CDATA[====Launching chrome browser====]]>
    </line>
    <line>
      <![CDATA[closed the browser successfully]]>
    </line>
    <line>
      <![CDATA[====Launching chrome browser====]]>
    </line>
    <line>
      <![CDATA[closed the browser successfully]]>
    </line>
    <line>
      <![CDATA[====Launching chrome browser====]]>
    </line>
    <line>
      <![CDATA[closed the browser successfully]]>
    </line>
    <line>
      <![CDATA[close the connection with database]]>
    </line>
    <line>
      <![CDATA[close the connection with server]]>
    </line>
  </reporter-output>
  <suite started-at="2024-09-14T06:59:30Z" name="Suite" finished-at="2024-09-14T06:59:54Z" duration-ms="23895">
    <groups>
    </groups>
    <test started-at="2024-09-14T06:59:30Z" name="Test" finished-at="2024-09-14T06:59:54Z" duration-ms="23895">
      <class name="TestScript.CreateUserTest">
        <test-method is-config="true" signature="beforeClass()[pri:0, instance:TestScript.CreateUserTest@59a008ba]" started-at="2024-09-14T06:59:39Z" name="beforeClass" finished-at="2024-09-14T06:59:41Z" duration-ms="1512" status="PASS">
          <reporter-output>
            <line>
              <![CDATA[====Launching chrome browser====]]>
            </line>
          </reporter-output>
        </test-method> <!-- beforeClass -->
        <test-method signature="createUser()[pri:0, instance:TestScript.CreateUserTest@59a008ba]" started-at="2024-09-14T06:59:41Z" name="createUser" finished-at="2024-09-14T06:59:54Z" duration-ms="12889" status="PASS">
          <reporter-output>
          </reporter-output>
        </test-method> <!-- createUser -->
        <test-method is-config="true" signature="afterClass()[pri:0, instance:TestScript.CreateUserTest@59a008ba]" started-at="2024-09-14T06:59:54Z" name="afterClass" finished-at="2024-09-14T06:59:54Z" duration-ms="324" status="PASS">
          <reporter-output>
            <line>
              <![CDATA[closed the browser successfully]]>
            </line>
          </reporter-output>
        </test-method> <!-- afterClass -->
      </class> <!-- TestScript.CreateUserTest -->
      <class name="TestScript.InValidLogin">
        <test-method is-config="true" signature="beforeClass()[pri:0, instance:TestScript.InValidLogin@30c93896]" started-at="2024-09-14T06:59:35Z" name="beforeClass" finished-at="2024-09-14T06:59:36Z" duration-ms="1507" status="PASS">
          <reporter-output>
            <line>
              <![CDATA[====Launching chrome browser====]]>
            </line>
          </reporter-output>
        </test-method> <!-- beforeClass -->
        <test-method signature="invalidLogin()[pri:0, instance:TestScript.InValidLogin@30c93896]" started-at="2024-09-14T06:59:36Z" name="invalidLogin" finished-at="2024-09-14T06:59:39Z" duration-ms="2973" status="PASS">
          <reporter-output>
          </reporter-output>
        </test-method> <!-- invalidLogin -->
        <test-method is-config="true" signature="afterClass()[pri:0, instance:TestScript.InValidLogin@30c93896]" started-at="2024-09-14T06:59:39Z" name="afterClass" finished-at="2024-09-14T06:59:39Z" duration-ms="247" status="PASS">
          <reporter-output>
            <line>
              <![CDATA[closed the browser successfully]]>
            </line>
          </reporter-output>
        </test-method> <!-- afterClass -->
      </class> <!-- TestScript.InValidLogin -->
      <class name="TestScript.ValidLoginTest">
        <test-method is-config="true" signature="beforeSuite()[pri:0, instance:TestScript.ValidLoginTest@2421cc4]" started-at="2024-09-14T06:59:30Z" name="beforeSuite" finished-at="2024-09-14T06:59:30Z" duration-ms="24" status="PASS">
          <reporter-output>
            <line>
              <![CDATA[Connect to the server]]>
            </line>
          </reporter-output>
        </test-method> <!-- beforeSuite -->
        <test-method is-config="true" signature="beforeTest()[pri:0, instance:TestScript.ValidLoginTest@2421cc4]" started-at="2024-09-14T06:59:30Z" name="beforeTest" finished-at="2024-09-14T06:59:30Z" duration-ms="2" status="PASS">
          <reporter-output>
            <line>
              <![CDATA[Connect to the database]]>
            </line>
          </reporter-output>
        </test-method> <!-- beforeTest -->
        <test-method is-config="true" signature="beforeClass()[pri:0, instance:TestScript.ValidLoginTest@2421cc4]" started-at="2024-09-14T06:59:30Z" name="beforeClass" finished-at="2024-09-14T06:59:33Z" duration-ms="2381" status="PASS">
          <reporter-output>
            <line>
              <![CDATA[====Launching chrome browser====]]>
            </line>
          </reporter-output>
        </test-method> <!-- beforeClass -->
        <test-method signature="login()[pri:0, instance:TestScript.ValidLoginTest@2421cc4]" started-at="2024-09-14T06:59:33Z" name="login" finished-at="2024-09-14T06:59:34Z" duration-ms="1617" status="PASS">
          <reporter-output>
          </reporter-output>
        </test-method> <!-- login -->
        <test-method is-config="true" signature="afterClass()[pri:0, instance:TestScript.ValidLoginTest@2421cc4]" started-at="2024-09-14T06:59:34Z" name="afterClass" finished-at="2024-09-14T06:59:35Z" duration-ms="365" status="PASS">
          <reporter-output>
            <line>
              <![CDATA[closed the browser successfully]]>
            </line>
          </reporter-output>
        </test-method> <!-- afterClass -->
        <test-method is-config="true" signature="afterTest()[pri:0, instance:TestScript.ValidLoginTest@2421cc4]" started-at="2024-09-14T06:59:54Z" name="afterTest" finished-at="2024-09-14T06:59:54Z" duration-ms="1" status="PASS">
          <reporter-output>
            <line>
              <![CDATA[close the connection with database]]>
            </line>
          </reporter-output>
        </test-method> <!-- afterTest -->
        <test-method is-config="true" signature="afterSuite()[pri:0, instance:TestScript.ValidLoginTest@2421cc4]" started-at="2024-09-14T06:59:54Z" name="afterSuite" finished-at="2024-09-14T06:59:54Z" duration-ms="0" status="PASS">
          <reporter-output>
            <line>
              <![CDATA[close the connection with server]]>
            </line>
          </reporter-output>
        </test-method> <!-- afterSuite -->
      </class> <!-- TestScript.ValidLoginTest -->
    </test> <!-- Test -->
  </suite> <!-- Suite -->
</testng-results>
