<?xml version="1.0" encoding="UTF-8"?>
<testng-results ignored="0" total="1" passed="1" failed="0" skipped="0">
  <reporter-output>
    <line>
      <![CDATA[Connect to the server]]>
    </line>
    <line>
      <![CDATA[Connect to the database]]>
    </line>
    <line>
      <![CDATA[====Launching chrome browser====]]>
    </line>
    <line>
      <![CDATA[closed the browser successfully]]>
    </line>
    <line>
      <![CDATA[close the connection with database]]>
    </line>
    <line>
      <![CDATA[close the connection with server]]>
    </line>
  </reporter-output>
  <suite started-at="2024-09-14T06:30:16Z" name="Default suite" finished-at="2024-09-14T06:30:27Z" duration-ms="11149">
    <groups>
    </groups>
    <test started-at="2024-09-14T06:30:16Z" name="Default test" finished-at="2024-09-14T06:30:27Z" duration-ms="11149">
      <class name="TestScript.InValidLogin">
        <test-method is-config="true" signature="beforeSuite()[pri:0, instance:TestScript.InValidLogin@5be46f9d]" started-at="2024-09-14T06:30:16Z" name="beforeSuite" finished-at="2024-09-14T06:30:16Z" duration-ms="31" status="PASS">
          <reporter-output>
            <line>
              <![CDATA[Connect to the server]]>
            </line>
          </reporter-output>
        </test-method> <!-- beforeSuite -->
        <test-method is-config="true" signature="beforeTest()[pri:0, instance:TestScript.InValidLogin@5be46f9d]" started-at="2024-09-14T06:30:16Z" name="beforeTest" finished-at="2024-09-14T06:30:16Z" duration-ms="4" status="PASS">
          <reporter-output>
            <line>
              <![CDATA[Connect to the database]]>
            </line>
          </reporter-output>
        </test-method> <!-- beforeTest -->
        <test-method is-config="true" signature="beforeClass()[pri:0, instance:TestScript.InValidLogin@5be46f9d]" started-at="2024-09-14T06:30:16Z" name="beforeClass" finished-at="2024-09-14T06:30:20Z" duration-ms="4238" status="PASS">
          <reporter-output>
            <line>
              <![CDATA[====Launching chrome browser====]]>
            </line>
          </reporter-output>
        </test-method> <!-- beforeClass -->
        <test-method signature="invalidLogin()[pri:0, instance:TestScript.InValidLogin@5be46f9d]" started-at="2024-09-14T06:30:20Z" name="invalidLogin" finished-at="2024-09-14T06:30:27Z" duration-ms="6480" status="PASS">
          <reporter-output>
          </reporter-output>
        </test-method> <!-- invalidLogin -->
        <test-method is-config="true" signature="afterClass()[pri:0, instance:TestScript.InValidLogin@5be46f9d]" started-at="2024-09-14T06:30:27Z" name="afterClass" finished-at="2024-09-14T06:30:27Z" duration-ms="361" status="PASS">
          <reporter-output>
            <line>
              <![CDATA[closed the browser successfully]]>
            </line>
          </reporter-output>
        </test-method> <!-- afterClass -->
        <test-method is-config="true" signature="afterTest()[pri:0, instance:TestScript.InValidLogin@5be46f9d]" started-at="2024-09-14T06:30:27Z" name="afterTest" finished-at="2024-09-14T06:30:27Z" duration-ms="0" status="PASS">
          <reporter-output>
            <line>
              <![CDATA[close the connection with database]]>
            </line>
          </reporter-output>
        </test-method> <!-- afterTest -->
        <test-method is-config="true" signature="afterSuite()[pri:0, instance:TestScript.InValidLogin@5be46f9d]" started-at="2024-09-14T06:30:27Z" name="afterSuite" finished-at="2024-09-14T06:30:27Z" duration-ms="0" status="PASS">
          <reporter-output>
            <line>
              <![CDATA[close the connection with server]]>
            </line>
          </reporter-output>
        </test-method> <!-- afterSuite -->
      </class> <!-- TestScript.InValidLogin -->
    </test> <!-- Default test -->
  </suite> <!-- Default suite -->
</testng-results>
